app/build/intermediates/manifest_merge_blame_file/debug/manifest-merger-blame-debug-report.txt
1<?xml version="1.0" encoding="utf-8"?>
2<manifest xmlns:android="http://schemas.android.com/apk/res/android"
3    package="com.example.leshtelsentunisie"
4    android:versionCode="1"
5    android:versionName="1.0" >
6
7    <uses-sdk
8        android:minSdkVersion="17"
8-->src\main\AndroidManifest.xml
9        android:targetSdkVersion="29" />
9-->src\main\AndroidManifest.xml
10
11    <!--
12         The ACCESS_COARSE/FINE_LOCATION permissions are not required to use
13         Google Maps Android API v2, but you must specify either coarse or fine
14         location permissions for the 'MyLocation' functionality.
15    -->
16
17    <uses-permission android:name="android.permission.INTERNET" />
17-->src\main\AndroidManifest.xml:11:5-67
17-->src\main\AndroidManifest.xml:11:22-64
18    <uses-permission android:name="android.permission.ACCESS_NETWORK_STATE" />
18-->src\main\AndroidManifest.xml:12:5-79
18-->src\main\AndroidManifest.xml:12:22-76
19    <uses-permission android:name="android.permission.ACCESS_FINE_LOCATION" />
19-->src\main\AndroidManifest.xml:13:5-79
19-->src\main\AndroidManifest.xml:13:22-76
20    <uses-permission android:name="android.permission.ACCESS_COARSE_LOCATION" />
20-->src\main\AndroidManifest.xml:14:5-80
20-->src\main\AndroidManifest.xml:14:22-78
21
22    <uses-feature
22-->[com.google.android.gms:play-services-maps:17.0.0] AndroidManifest.xml:26:5-28:35
23        android:glEsVersion="0x00020000"
23-->[com.google.android.gms:play-services-maps:17.0.0] AndroidManifest.xml:27:9-41
24        android:required="true" />
24-->[com.google.android.gms:play-services-maps:17.0.0] AndroidManifest.xml:28:9-32
25
26    <uses-permission android:name="android.permission.WAKE_LOCK" /> <!-- Required by older versions of Google Play services to create IID tokens -->
26-->[com.google.android.gms:play-services-measurement-api:17.2.1] AndroidManifest.xml:24:5-68
26-->[com.google.android.gms:play-services-measurement-api:17.2.1] AndroidManifest.xml:24:22-65
27    <uses-permission android:name="com.google.android.c2dm.permission.RECEIVE" />
27-->[com.google.firebase:firebase-iid:19.0.0] AndroidManifest.xml:26:5-82
27-->[com.google.firebase:firebase-iid:19.0.0] AndroidManifest.xml:26:22-79
28    <uses-permission android:name="com.google.android.finsky.permission.BIND_GET_INSTALL_REFERRER_SERVICE" />
28-->[com.google.android.gms:play-services-measurement:17.2.1] AndroidManifest.xml:26:5-110
28-->[com.google.android.gms:play-services-measurement:17.2.1] AndroidManifest.xml:26:22-107
29
30    <application
30-->src\main\AndroidManifest.xml:16:5-70:19
31        android:allowBackup="true"
31-->src\main\AndroidManifest.xml:17:9-35
32        android:appComponentFactory="androidx.core.app.CoreComponentFactory"
32-->[androidx.core:core:1.1.0] AndroidManifest.xml:24:18-86
33        android:debuggable="true"
34        android:icon="@mipmap/ic_launcher"
34-->src\main\AndroidManifest.xml:18:9-43
35        android:label="@string/app_name"
35-->src\main\AndroidManifest.xml:19:9-41
36        android:roundIcon="@mipmap/ic_launcher_round"
36-->src\main\AndroidManifest.xml:20:9-54
37        android:supportsRtl="true"
37-->src\main\AndroidManifest.xml:21:9-35
38        android:testOnly="true"
39        android:theme="@style/AppTheme" >
39-->src\main\AndroidManifest.xml:22:9-40
40
41        <!--
42             The API key for Google Maps-based APIs is defined as a string resource.
43             (See the file "res/values/google_maps_api.xml").
44             Note that the API key is linked to the encryption key used to sign the APK.
45             You need a different API key for each encryption key, including the release key that is used to
46             sign the APK for publishing.
47             You can define the keys for the debug and release targets in src/debug/ and src/release/.
48        -->
49        <meta-data
49-->src\main\AndroidManifest.xml:32:9-34:55
50            android:name="com.google.android.geo.API_KEY"
50-->src\main\AndroidManifest.xml:33:13-58
51            android:value="@string/google_maps_key" />
51-->src\main\AndroidManifest.xml:34:13-52
52
53        <activity
53-->src\main\AndroidManifest.xml:36:9-38:79
54            android:name="com.example.leshtelsentunisie.MapsActivityDarezzahra"
54-->src\main\AndroidManifest.xml:37:13-51
55            android:label="@string/title_activity_maps_darezzahra" />
55-->src\main\AndroidManifest.xml:38:13-67
56        <activity android:name="com.example.leshtelsentunisie.Darezzahra_MainActivity" />
56-->src\main\AndroidManifest.xml:39:9-61
56-->src\main\AndroidManifest.xml:39:19-58
57        <activity
57-->src\main\AndroidManifest.xml:40:9-42:69
58            android:name="com.example.leshtelsentunisie.MapsActivityDarsaliam"
58-->src\main\AndroidManifest.xml:41:13-50
59            android:label="@string/title_activity_maps_darsaliam" />
59-->src\main\AndroidManifest.xml:42:13-66
60        <activity android:name="com.example.leshtelsentunisie.Darsalima_MainActivity" />
60-->src\main\AndroidManifest.xml:43:9-60
60-->src\main\AndroidManifest.xml:43:19-57
61        <activity android:name="com.example.leshtelsentunisie.List_Hotel_Benarous_Main_Activity" />
61-->src\main\AndroidManifest.xml:44:9-71
61-->src\main\AndroidManifest.xml:44:19-68
62        <activity
62-->src\main\AndroidManifest.xml:45:9-47:68
63            android:name="com.example.leshtelsentunisie.MapsActivityAlrawabi"
63-->src\main\AndroidManifest.xml:46:13-49
64            android:label="@string/title_activity_maps_alrawabi" />
64-->src\main\AndroidManifest.xml:47:13-65
65        <activity android:name="com.example.leshtelsentunisie.Alrawabi_MainActivity" />
65-->src\main\AndroidManifest.xml:48:9-59
65-->src\main\AndroidManifest.xml:48:19-56
66        <activity
66-->src\main\AndroidManifest.xml:49:9-51:66
67            android:name="com.example.leshtelsentunisie.MapsActivityRamsam"
67-->src\main\AndroidManifest.xml:50:13-47
68            android:label="@string/title_activity_maps_ramsam" />
68-->src\main\AndroidManifest.xml:51:13-63
69        <activity android:name="com.example.leshtelsentunisie.Ramsam_MainActivity" />
69-->src\main\AndroidManifest.xml:52:9-57
69-->src\main\AndroidManifest.xml:52:19-54
70        <activity android:name="com.example.leshtelsentunisie.List_Hotel_Beja_Main_Activity" />
70-->src\main\AndroidManifest.xml:53:9-67
70-->src\main\AndroidManifest.xml:53:19-64
71        <activity android:name="com.example.leshtelsentunisie.Samron_MainActivity" />
71-->src\main\AndroidManifest.xml:54:9-57
71-->src\main\AndroidManifest.xml:54:19-54
72        <activity
72-->src\main\AndroidManifest.xml:55:9-57:69
73            android:name="com.example.leshtelsentunisie.MapsActivityPenthouse"
73-->src\main\AndroidManifest.xml:56:13-50
74            android:label="@string/title_activity_maps_penthouse" />
74-->src\main\AndroidManifest.xml:57:13-66
75        <activity android:name="com.example.leshtelsentunisie.Penthouse_MainActivity" />
75-->src\main\AndroidManifest.xml:58:9-60
75-->src\main\AndroidManifest.xml:58:19-57
76        <activity
76-->src\main\AndroidManifest.xml:59:9-61:66
77            android:name="com.example.leshtelsentunisie.MapsActivitySamron"
77-->src\main\AndroidManifest.xml:60:13-47
78            android:label="@string/title_activity_maps_samron" />
78-->src\main\AndroidManifest.xml:61:13-63
79        <activity android:name="com.example.leshtelsentunisie.List_Hotel_Ariana_Main_Activity" />
79-->src\main\AndroidManifest.xml:62:9-69
79-->src\main\AndroidManifest.xml:62:19-66
80        <activity android:name="com.example.leshtelsentunisie.MainActivity" >
80-->src\main\AndroidManifest.xml:63:9-69:20
80-->src\main\AndroidManifest.xml:63:19-47
81            <intent-filter>
81-->src\main\AndroidManifest.xml:64:13-68:29
82                <action android:name="android.intent.action.MAIN" />
82-->src\main\AndroidManifest.xml:65:17-69
82-->src\main\AndroidManifest.xml:65:25-66
83
84                <category android:name="android.intent.category.LAUNCHER" />
84-->src\main\AndroidManifest.xml:67:17-77
84-->src\main\AndroidManifest.xml:67:27-74
85            </intent-filter>
86        </activity>
87        <!-- Needs to be explicitly declared on P+ -->
88        <uses-library
88-->[com.google.android.gms:play-services-maps:17.0.0] AndroidManifest.xml:33:9-35:40
89            android:name="org.apache.http.legacy"
89-->[com.google.android.gms:play-services-maps:17.0.0] AndroidManifest.xml:34:13-50
90            android:required="false" />
90-->[com.google.android.gms:play-services-maps:17.0.0] AndroidManifest.xml:35:13-37
91
92        <activity
92-->[com.google.firebase:firebase-auth:19.2.0] AndroidManifest.xml:24:9-31:50
93            android:name="com.google.firebase.auth.internal.FederatedSignInActivity"
93-->[com.google.firebase:firebase-auth:19.2.0] AndroidManifest.xml:25:13-85
94            android:excludeFromRecents="true"
94-->[com.google.firebase:firebase-auth:19.2.0] AndroidManifest.xml:26:13-46
95            android:exported="true"
95-->[com.google.firebase:firebase-auth:19.2.0] AndroidManifest.xml:27:13-36
96            android:launchMode="singleTask"
96-->[com.google.firebase:firebase-auth:19.2.0] AndroidManifest.xml:28:13-44
97            android:permission="com.google.firebase.auth.api.gms.permission.LAUNCH_FEDERATED_SIGN_IN"
97-->[com.google.firebase:firebase-auth:19.2.0] AndroidManifest.xml:29:13-102
98            android:theme="@android:style/Theme.Translucent.NoTitleBar" />
98-->[com.google.firebase:firebase-auth:19.2.0] AndroidManifest.xml:30:13-72
99
100        <service
100-->[com.google.firebase:firebase-auth:19.2.0] AndroidManifest.xml:33:9-39:19
101            android:name="com.google.firebase.components.ComponentDiscoveryService"
101-->[com.google.firebase:firebase-auth:19.2.0] AndroidManifest.xml:34:13-84
102            android:directBootAware="true"
102-->[com.google.firebase:firebase-common:19.3.0] AndroidManifest.xml:34:13-43
103            android:exported="false" >
103-->[com.google.firebase:firebase-auth:19.2.0] AndroidManifest.xml:35:13-37
104            <meta-data
104-->[com.google.firebase:firebase-auth:19.2.0] AndroidManifest.xml:36:13-38:85
105                android:name="com.google.firebase.components:com.google.firebase.auth.FirebaseAuthRegistrar"
105-->[com.google.firebase:firebase-auth:19.2.0] AndroidManifest.xml:37:17-109
106                android:value="com.google.firebase.components.ComponentRegistrar" />
106-->[com.google.firebase:firebase-auth:19.2.0] AndroidManifest.xml:38:17-82
107            <meta-data
107-->[com.google.android.gms:play-services-measurement-api:17.2.1] AndroidManifest.xml:30:13-32:85
108                android:name="com.google.firebase.components:com.google.firebase.analytics.connector.internal.AnalyticsConnectorRegistrar"
108-->[com.google.android.gms:play-services-measurement-api:17.2.1] AndroidManifest.xml:31:17-139
109                android:value="com.google.firebase.components.ComponentRegistrar" />
109-->[com.google.android.gms:play-services-measurement-api:17.2.1] AndroidManifest.xml:32:17-82
110            <meta-data
110-->[com.google.firebase:firebase-iid:19.0.0] AndroidManifest.xml:32:13-34:85
111                android:name="com.google.firebase.components:com.google.firebase.iid.Registrar"
111-->[com.google.firebase:firebase-iid:19.0.0] AndroidManifest.xml:33:17-96
112                android:value="com.google.firebase.components.ComponentRegistrar" />
112-->[com.google.firebase:firebase-iid:19.0.0] AndroidManifest.xml:34:17-82
113        </service>
114
115        <receiver
115-->[com.google.firebase:firebase-iid:19.0.0] AndroidManifest.xml:37:9-44:20
116            android:name="com.google.firebase.iid.FirebaseInstanceIdReceiver"
116-->[com.google.firebase:firebase-iid:19.0.0] AndroidManifest.xml:38:13-78
117            android:exported="true"
117-->[com.google.firebase:firebase-iid:19.0.0] AndroidManifest.xml:39:13-36
118            android:permission="com.google.android.c2dm.permission.SEND" >
118-->[com.google.firebase:firebase-iid:19.0.0] AndroidManifest.xml:40:13-73
119            <intent-filter>
119-->[com.google.firebase:firebase-iid:19.0.0] AndroidManifest.xml:41:13-43:29
120                <action android:name="com.google.android.c2dm.intent.RECEIVE" />
120-->[com.google.firebase:firebase-iid:19.0.0] AndroidManifest.xml:42:17-81
120-->[com.google.firebase:firebase-iid:19.0.0] AndroidManifest.xml:42:25-78
121            </intent-filter>
122        </receiver>
123
124        <activity
124-->[com.google.android.gms:play-services-base:17.1.0] AndroidManifest.xml:23:9-26:75
125            android:name="com.google.android.gms.common.api.GoogleApiActivity"
125-->[com.google.android.gms:play-services-base:17.1.0] AndroidManifest.xml:24:13-79
126            android:exported="false"
126-->[com.google.android.gms:play-services-base:17.1.0] AndroidManifest.xml:25:13-37
127            android:theme="@android:style/Theme.Translucent.NoTitleBar" />
127-->[com.google.android.gms:play-services-base:17.1.0] AndroidManifest.xml:26:13-72
128
129        <provider
129-->[com.google.firebase:firebase-common:19.3.0] AndroidManifest.xml:26:9-30:39
130            android:name="com.google.firebase.provider.FirebaseInitProvider"
130-->[com.google.firebase:firebase-common:19.3.0] AndroidManifest.xml:27:13-77
131            android:authorities="com.example.leshtelsentunisie.firebaseinitprovider"
131-->[com.google.firebase:firebase-common:19.3.0] AndroidManifest.xml:28:13-72
132            android:exported="false"
132-->[com.google.firebase:firebase-common:19.3.0] AndroidManifest.xml:29:13-37
133            android:initOrder="100" />
133-->[com.google.firebase:firebase-common:19.3.0] AndroidManifest.xml:30:13-36
134
135        <receiver
135-->[com.google.android.gms:play-services-measurement:17.2.1] AndroidManifest.xml:29:9-33:20
136            android:name="com.google.android.gms.measurement.AppMeasurementReceiver"
136-->[com.google.android.gms:play-services-measurement:17.2.1] AndroidManifest.xml:30:13-85
137            android:enabled="true"
137-->[com.google.android.gms:play-services-measurement:17.2.1] AndroidManifest.xml:31:13-35
138            android:exported="false" >
138-->[com.google.android.gms:play-services-measurement:17.2.1] AndroidManifest.xml:32:13-37
139        </receiver>
140        <receiver
140-->[com.google.android.gms:play-services-measurement:17.2.1] AndroidManifest.xml:34:9-42:20
141            android:name="com.google.android.gms.measurement.AppMeasurementInstallReferrerReceiver"
141-->[com.google.android.gms:play-services-measurement:17.2.1] AndroidManifest.xml:35:13-100
142            android:enabled="true"
142-->[com.google.android.gms:play-services-measurement:17.2.1] AndroidManifest.xml:36:13-35
143            android:exported="true"
143-->[com.google.android.gms:play-services-measurement:17.2.1] AndroidManifest.xml:37:13-36
144            android:permission="android.permission.INSTALL_PACKAGES" >
144-->[com.google.android.gms:play-services-measurement:17.2.1] AndroidManifest.xml:38:13-69
145            <intent-filter>
145-->[com.google.android.gms:play-services-measurement:17.2.1] AndroidManifest.xml:39:13-41:29
146                <action android:name="com.android.vending.INSTALL_REFERRER" />
146-->[com.google.android.gms:play-services-measurement:17.2.1] AndroidManifest.xml:40:17-79
146-->[com.google.android.gms:play-services-measurement:17.2.1] AndroidManifest.xml:40:25-76
147            </intent-filter>
148        </receiver>
149
150        <service
150-->[com.google.android.gms:play-services-measurement:17.2.1] AndroidManifest.xml:44:9-47:40
151            android:name="com.google.android.gms.measurement.AppMeasurementService"
151-->[com.google.android.gms:play-services-measurement:17.2.1] AndroidManifest.xml:45:13-84
152            android:enabled="true"
152-->[com.google.android.gms:play-services-measurement:17.2.1] AndroidManifest.xml:46:13-35
153            android:exported="false" />
153-->[com.google.android.gms:play-services-measurement:17.2.1] AndroidManifest.xml:47:13-37
154        <service
154-->[com.google.android.gms:play-services-measurement:17.2.1] AndroidManifest.xml:48:9-52:72
155            android:name="com.google.android.gms.measurement.AppMeasurementJobService"
155-->[com.google.android.gms:play-services-measurement:17.2.1] AndroidManifest.xml:49:13-87
156            android:enabled="true"
156-->[com.google.android.gms:play-services-measurement:17.2.1] AndroidManifest.xml:50:13-35
157            android:exported="false"
157-->[com.google.android.gms:play-services-measurement:17.2.1] AndroidManifest.xml:51:13-37
158            android:permission="android.permission.BIND_JOB_SERVICE" />
158-->[com.google.android.gms:play-services-measurement:17.2.1] AndroidManifest.xml:52:13-69
159
160        <meta-data
160-->[com.google.android.gms:play-services-basement:17.0.0] AndroidManifest.xml:23:9-25:69
161            android:name="com.google.android.gms.version"
161-->[com.google.android.gms:play-services-basement:17.0.0] AndroidManifest.xml:24:13-58
162            android:value="@integer/google_play_services_version" />
162-->[com.google.android.gms:play-services-basement:17.0.0] AndroidManifest.xml:25:13-66
163    </application>
164
165</manifest>